読み込んだプラグイン:priorities, update-motd, upgrade-helper
No packages marked for update
読み込んだプラグイン:priorities, update-motd, upgrade-helper
パッケージ git-2.7.5-1.49.amzn1.x86_64 はインストール済みか最新バージョンです
パッケージ cmake-2.8.12.2-4.25.amzn1.x86_64 はインストール済みか最新バージョンです
パッケージ gcc-c++-4.8.3-3.20.amzn1.noarch はインストール済みか最新バージョンです
パッケージ gcc-4.8.3-3.20.amzn1.noarch はインストール済みか最新バージョンです
パッケージ python26-devel-2.6.9-2.88.amzn1.x86_64 はインストール済みか最新バージョンです
パッケージ chrpath-0.13-7.6.amzn1.x86_64 はインストール済みか最新バージョンです
何もしません
Collecting numpy
  Using cached numpy-1.13.1.zip
Installing collected packages: numpy
  Running setup.py install for numpy: started
    Running setup.py install for numpy: still running...
    Running setup.py install for numpy: still running...
    Running setup.py install for numpy: finished with status 'done'
Successfully installed numpy
-- Detected version of GNU GCC: 48 (408)
-- Found ZLIB: /usr/lib64/libz.so (found suitable version "1.2.8", minimum required is "1.2.3") 
-- Could NOT find TIFF (missing:  TIFF_LIBRARY TIFF_INCLUDE_DIR) 
-- Could NOT find JPEG (missing:  JPEG_LIBRARY JPEG_INCLUDE_DIR) 
-- Could NOT find Jasper (missing:  JASPER_LIBRARIES JASPER_INCLUDE_DIR) 
-- Found ZLIB: /usr/lib64/libz.so (found version "1.2.8") 
-- Could NOT find PNG (missing:  PNG_LIBRARY PNG_PNG_INCLUDE_DIR) 
-- checking for module 'gtk+-3.0'
--   package 'gtk+-3.0' not found
-- checking for module 'gtk+-2.0'
--   package 'gtk+-2.0' not found
-- checking for module 'gthread-2.0'
--   package 'gthread-2.0' not found
-- checking for module 'gstreamer-base-1.0'
--   package 'gstreamer-base-1.0' not found
-- checking for module 'gstreamer-video-1.0'
--   package 'gstreamer-video-1.0' not found
-- checking for module 'gstreamer-app-1.0'
--   package 'gstreamer-app-1.0' not found
-- checking for module 'gstreamer-riff-1.0'
--   package 'gstreamer-riff-1.0' not found
-- checking for module 'gstreamer-pbutils-1.0'
--   package 'gstreamer-pbutils-1.0' not found
-- checking for module 'gstreamer-base-0.10'
--   package 'gstreamer-base-0.10' not found
-- checking for module 'gstreamer-video-0.10'
--   package 'gstreamer-video-0.10' not found
-- checking for module 'gstreamer-app-0.10'
--   package 'gstreamer-app-0.10' not found
-- checking for module 'gstreamer-riff-0.10'
--   package 'gstreamer-riff-0.10' not found
-- checking for module 'gstreamer-pbutils-0.10'
--   package 'gstreamer-pbutils-0.10' not found
-- checking for module 'libdc1394-2'
--   package 'libdc1394-2' not found
-- checking for module 'libdc1394'
--   package 'libdc1394' not found
-- checking for module 'libv4l1'
--   package 'libv4l1' not found
-- checking for module 'libv4l2'
--   package 'libv4l2' not found
-- Looking for linux/videodev.h
-- Looking for linux/videodev.h - not found
-- Looking for linux/videodev2.h
-- Looking for linux/videodev2.h - found
-- Looking for sys/videoio.h
-- Looking for sys/videoio.h - not found
-- checking for module 'libavcodec'
--   package 'libavcodec' not found
-- checking for module 'libavformat'
--   package 'libavformat' not found
-- checking for module 'libavutil'
--   package 'libavutil' not found
-- checking for module 'libswscale'
--   package 'libswscale' not found
-- checking for module 'libavresample'
--   package 'libavresample' not found
-- Looking for libavformat/avformat.h
-- Looking for libavformat/avformat.h - not found
-- Looking for ffmpeg/avformat.h
-- Looking for ffmpeg/avformat.h - not found
-- checking for module 'libgphoto2'
--   package 'libgphoto2' not found
-- checking for module 'tbb'
--   package 'tbb' not found
-- found IPP (ICV version): 9.0.1 [9.0.1]
-- at: /home/ec2-user/develop/robot-arm/aws-lambda-python-opencv-master/build/opencv/3rdparty/ippicv/unpack/ippicv_lnx
-- Could NOT find Doxygen (missing:  DOXYGEN_EXECUTABLE) 
-- To enable PlantUML support, set PLANTUML_JAR environment variable or pass -DPLANTUML_JAR=<filepath> option to cmake
-- Could NOT find PythonLibs: Found unsuitable version "2.7.12", but required is exact version "2.7.11" (found /usr/lib64/libpython2.7.so)
-- Could NOT find PythonInterp: Found unsuitable version "1.4", but required is at least "3.4" (found /home/ec2-user/.pyenv/shims/python3)
-- Could NOT find PythonInterp: Found unsuitable version "1.4", but required is at least "3.2" (found /home/ec2-user/.pyenv/shims/python3)
-- Could NOT find JNI (missing:  JAVA_INCLUDE_PATH JAVA_INCLUDE_PATH2 JAVA_AWT_INCLUDE_PATH) 
-- Could NOT find Matlab (missing:  MATLAB_MEX_SCRIPT MATLAB_INCLUDE_DIRS MATLAB_ROOT_DIR MATLAB_LIBRARIES MATLAB_LIBRARY_DIRS MATLAB_MEXEXT MATLAB_ARCH MATLAB_BIN) 
-- VTK is not found. Please set -DVTK_DIR in CMake to VTK build directory, or to VTK install subdirectory with VTKConfig.cmake file
-- 
-- General configuration for OpenCV 3.1.0 =====================================
--   Version control:               3.1.0
-- 
--   Platform:
--     Host:                        Linux 4.9.38-16.33.amzn1.x86_64 x86_64
--     CMake:                       2.8.12.2
--     CMake generator:             Unix Makefiles
--     CMake build tool:            /usr/bin/gmake
--     Configuration:               RELEASE
-- 
--   C/C++:
--     Built as dynamic libs?:      YES
--     C++ Compiler:                /usr/bin/c++  (ver 4.8.3)
--     C++ flags (Release):         -fsigned-char -W -Wall -Werror=return-type -Werror=non-virtual-dtor -Werror=address -Werror=sequence-point -Wformat -Werror=format-security -Wmissing-declarations -Wundef -Winit-self -Wpointer-arith -Wshadow -Wsign-promo -Wno-narrowing -Wno-delete-non-virtual-dtor -fdiagnostics-show-option -Wno-long-long -pthread -fomit-frame-pointer -ffast-math -msse -msse2 -mavx -ffunction-sections -fvisibility=hidden -fvisibility-inlines-hidden -O3 -DNDEBUG  -DNDEBUG
--     C++ flags (Debug):           -fsigned-char -W -Wall -Werror=return-type -Werror=non-virtual-dtor -Werror=address -Werror=sequence-point -Wformat -Werror=format-security -Wmissing-declarations -Wundef -Winit-self -Wpointer-arith -Wshadow -Wsign-promo -Wno-narrowing -Wno-delete-non-virtual-dtor -fdiagnostics-show-option -Wno-long-long -pthread -fomit-frame-pointer -ffast-math -msse -msse2 -mavx -ffunction-sections -fvisibility=hidden -fvisibility-inlines-hidden -g  -O0 -DDEBUG -D_DEBUG
--     C Compiler:                  /usr/bin/cc
--     C flags (Release):           -fsigned-char -W -Wall -Werror=return-type -Werror=non-virtual-dtor -Werror=address -Werror=sequence-point -Wformat -Werror=format-security -Wmissing-declarations -Wmissing-prototypes -Wstrict-prototypes -Wundef -Winit-self -Wpointer-arith -Wshadow -Wno-narrowing -fdiagnostics-show-option -Wno-long-long -pthread -fomit-frame-pointer -ffast-math -msse -msse2 -mavx -ffunction-sections -fvisibility=hidden -O3 -DNDEBUG  -DNDEBUG
--     C flags (Debug):             -fsigned-char -W -Wall -Werror=return-type -Werror=non-virtual-dtor -Werror=address -Werror=sequence-point -Wformat -Werror=format-security -Wmissing-declarations -Wmissing-prototypes -Wstrict-prototypes -Wundef -Winit-self -Wpointer-arith -Wshadow -Wno-narrowing -fdiagnostics-show-option -Wno-long-long -pthread -fomit-frame-pointer -ffast-math -msse -msse2 -mavx -ffunction-sections -fvisibility=hidden -g  -O0 -DDEBUG -D_DEBUG
--     Linker flags (Release):      
--     Linker flags (Debug):        
--     Precompiled headers:         YES
--     Extra dependencies:          /usr/lib64/libz.so dl m pthread rt
--     3rdparty dependencies:       libjpeg libwebp libpng libtiff libjasper IlmImf
-- 
--   OpenCV modules:
--     To be built:                 core flann imgproc ml photo video imgcodecs shape videoio highgui objdetect superres ts features2d calib3d stitching videostab
--     Disabled:                    world
--     Disabled by dependency:      -
--     Unavailable:                 cudaarithm cudabgsegm cudacodec cudafeatures2d cudafilters cudaimgproc cudalegacy cudaobjdetect cudaoptflow cudastereo cudawarping cudev java python2 python3 viz
-- 
--   GUI: 
--     QT:                          NO
--     GTK+:                        NO
--     GThread :                    NO
--     GtkGlExt:                    NO
--     OpenGL support:              NO
--     VTK support:                 NO
-- 
--   Media I/O: 
--     ZLib:                        /usr/lib64/libz.so (ver 1.2.8)
--     JPEG:                        libjpeg (ver 90)
--     WEBP:                        build (ver 0.3.1)
--     PNG:                         build (ver 1.6.19)
--     TIFF:                        build (ver 42 - 4.0.2)
--     JPEG 2000:                   build (ver 1.900.1)
--     OpenEXR:                     build (ver 1.7.1)
--     GDAL:                        NO
-- 
--   Video I/O:
--     DC1394 1.x:                  NO
--     DC1394 2.x:                  NO
--     FFMPEG:                      NO
--       codec:                     NO
--       format:                    NO
--       util:                      NO
--       swscale:                   NO
--       resample:                  NO
--       gentoo-style:              NO
--     GStreamer:                   NO
--     OpenNI:                      NO
--     OpenNI PrimeSensor Modules:  NO
--     OpenNI2:                     NO
--     PvAPI:                       NO
--     GigEVisionSDK:               NO
--     UniCap:                      NO
--     UniCap ucil:                 NO
--     V4L/V4L2:                    NO/YES
--     XIMEA:                       NO
--     Xine:                        NO
--     gPhoto2:                     NO
-- 
--   Parallel framework:            pthreads
-- 
--   Other third-party libraries:
--     Use IPP:                     9.0.1 [9.0.1]
--          at:                     /home/ec2-user/develop/robot-arm/aws-lambda-python-opencv-master/build/opencv/3rdparty/ippicv/unpack/ippicv_lnx
--     Use IPP Async:               NO
--     Use VA:                      NO
--     Use Intel VA-API/OpenCL:     NO
--     Use Eigen:                   NO
--     Use Cuda:                    NO
--     Use OpenCL:                  YES
--     Use custom HAL:              NO
-- 
--   OpenCL:
--     Version:                     dynamic
--     Include path:                /home/ec2-user/develop/robot-arm/aws-lambda-python-opencv-master/build/opencv/3rdparty/include/opencl/1.2
--     Use AMDFFT:                  NO
--     Use AMDBLAS:                 NO
-- 
--   Python 2:
--     Interpreter:                 /home/ec2-user/.pyenv/shims/python2.7 (ver 2.7.11)
-- 
--   Python 3:
--     Interpreter:                 NO
-- 
--   Python (for build):            /home/ec2-user/.pyenv/shims/python2.7
-- 
--   Java:
--     ant:                         NO
--     JNI:                         NO
--     Java wrappers:               NO
--     Java tests:                  NO
-- 
--   Matlab:                        Matlab not found or implicitly disabled
-- 
--   Documentation:
--     Doxygen:                     NO
--     PlantUML:                    NO
-- 
--   Tests and samples:
--     Tests:                       YES
--     Performance tests:           YES
--     C/C++ Examples:              YES
-- 
--   Install path:                  /usr/local
-- 
--   cvconfig.h is in:              /home/ec2-user/develop/robot-arm/aws-lambda-python-opencv-master/build/opencv
-- -----------------------------------------------------------------
-- 
-- Configuring done
-- Generating done
-- Build files have been written to: /home/ec2-user/develop/robot-arm/aws-lambda-python-opencv-master/build/opencv
[  3%] Built target libtiff
[  7%] Built target libjpeg
[ 12%] Built target libwebp
[ 14%] Built target libjasper
[ 15%] Built target libpng
[ 21%] Built target IlmImf
[ 21%] Built target opencv_core_pch_dephelp
[ 21%] Built target pch_Generate_opencv_core
[ 25%] Built target opencv_core
[ 25%] Built target opencv_ts_pch_dephelp
[ 26%] Built target pch_Generate_opencv_ts
[ 26%] Built target opencv_imgproc_pch_dephelp
[ 26%] Built target pch_Generate_opencv_imgproc
[ 31%] Built target opencv_imgproc
[ 31%] Built target opencv_imgcodecs_pch_dephelp
[ 31%] Built target pch_Generate_opencv_imgcodecs
[ 34%] Built target opencv_imgcodecs
[ 34%] Built target opencv_highgui_pch_dephelp
[ 34%] Built target pch_Generate_opencv_highgui
[ 34%] Built target opencv_videoio_pch_dephelp
[ 34%] Built target pch_Generate_opencv_videoio
[ 35%] Built target opencv_videoio
[ 35%] Built target opencv_highgui
[ 36%] Built target opencv_ts
[ 36%] Built target opencv_perf_core_pch_dephelp
[ 37%] Built target pch_Generate_opencv_perf_core
[ 40%] Built target opencv_perf_core
[ 41%] Built target opencv_test_core_pch_dephelp
[ 42%] Built target pch_Generate_opencv_test_core
[ 45%] Built target opencv_test_core
[ 45%] Built target opencv_flann_pch_dephelp
[ 46%] Built target pch_Generate_opencv_flann
[ 46%] Built target opencv_flann
[ 46%] Built target opencv_test_flann_pch_dephelp
[ 46%] Built target pch_Generate_opencv_test_flann
[ 46%] Built target opencv_test_flann
[ 46%] Built target opencv_perf_imgproc_pch_dephelp
[ 46%] Built target pch_Generate_opencv_perf_imgproc
[ 50%] Built target opencv_perf_imgproc
[ 50%] Built target opencv_test_imgproc_pch_dephelp
[ 50%] Built target pch_Generate_opencv_test_imgproc
[ 54%] Built target opencv_test_imgproc
[ 56%] Built target opencv_ml_pch_dephelp
[ 56%] Built target pch_Generate_opencv_ml
[ 57%] Built target opencv_ml
[ 57%] Built target opencv_test_ml_pch_dephelp
[ 57%] Built target pch_Generate_opencv_test_ml
[ 57%] Built target opencv_test_ml
[ 57%] Built target opencv_photo_pch_dephelp
[ 57%] Built target pch_Generate_opencv_photo
[ 58%] Built target opencv_photo
[ 58%] Built target opencv_perf_photo_pch_dephelp
[ 58%] Built target pch_Generate_opencv_perf_photo
[ 59%] Built target opencv_perf_photo
[ 60%] Built target opencv_test_photo_pch_dephelp
[ 60%] Built target pch_Generate_opencv_test_photo
[ 60%] Built target opencv_test_photo
[ 60%] Built target opencv_video_pch_dephelp
[ 60%] Built target pch_Generate_opencv_video
[ 62%] Built target opencv_video
[ 62%] Built target opencv_perf_video_pch_dephelp
[ 63%] Built target pch_Generate_opencv_perf_video
[ 64%] Built target opencv_perf_video
[ 65%] Built target opencv_test_video_pch_dephelp
[ 65%] Built target pch_Generate_opencv_test_video
[ 65%] Built target opencv_test_video
[ 65%] Built target opencv_perf_imgcodecs_pch_dephelp
[ 65%] Built target pch_Generate_opencv_perf_imgcodecs
[ 65%] Built target opencv_perf_imgcodecs
[ 65%] Built target opencv_test_imgcodecs_pch_dephelp
[ 65%] Built target pch_Generate_opencv_test_imgcodecs
[ 65%] Built target opencv_test_imgcodecs
[ 65%] Built target opencv_shape_pch_dephelp
[ 65%] Built target pch_Generate_opencv_shape
[ 65%] Built target opencv_shape
[ 65%] Built target opencv_test_shape_pch_dephelp
[ 65%] Built target pch_Generate_opencv_test_shape
[ 65%] Built target opencv_test_shape
[ 67%] Built target opencv_perf_videoio_pch_dephelp
[ 67%] Built target pch_Generate_opencv_perf_videoio
[ 67%] Built target opencv_perf_videoio
[ 67%] Built target opencv_test_videoio_pch_dephelp
[ 67%] Built target pch_Generate_opencv_test_videoio
[ 67%] Built target opencv_test_videoio
[ 67%] Built target opencv_test_highgui_pch_dephelp
[ 67%] Built target pch_Generate_opencv_test_highgui
[ 67%] Built target opencv_test_highgui
[ 67%] Built target opencv_objdetect_pch_dephelp
[ 67%] Built target pch_Generate_opencv_objdetect
[ 67%] Built target opencv_objdetect
[ 67%] Built target opencv_perf_objdetect_pch_dephelp
[ 67%] Built target pch_Generate_opencv_perf_objdetect
[ 67%] Built target opencv_perf_objdetect
[ 67%] Built target opencv_test_objdetect_pch_dephelp
[ 68%] Built target pch_Generate_opencv_test_objdetect
[ 69%] Built target opencv_test_objdetect
[ 69%] Built target opencv_superres_pch_dephelp
[ 69%] Built target pch_Generate_opencv_superres
[ 70%] Built target opencv_superres
[ 70%] Built target opencv_perf_superres_pch_dephelp
[ 70%] Built target pch_Generate_opencv_perf_superres
[ 70%] Built target opencv_perf_superres
[ 71%] Built target opencv_test_superres_pch_dephelp
[ 71%] Built target pch_Generate_opencv_test_superres
[ 71%] Built target opencv_test_superres
[ 71%] Built target opencv_features2d_pch_dephelp
[ 71%] Built target pch_Generate_opencv_features2d
[ 74%] Built target opencv_features2d
[ 74%] Built target opencv_perf_features2d_pch_dephelp
[ 74%] Built target pch_Generate_opencv_perf_features2d
[ 75%] Built target opencv_perf_features2d
[ 76%] Built target opencv_test_features2d_pch_dephelp
[ 76%] Built target pch_Generate_opencv_test_features2d
[ 76%] Built target opencv_test_features2d
[ 76%] Built target opencv_calib3d_pch_dephelp
[ 76%] Built target pch_Generate_opencv_calib3d
[ 79%] Built target opencv_calib3d
[ 79%] Built target opencv_perf_calib3d_pch_dephelp
[ 79%] Built target pch_Generate_opencv_perf_calib3d
[ 79%] Built target opencv_perf_calib3d
[ 79%] Built target opencv_test_calib3d_pch_dephelp
[ 79%] Built target pch_Generate_opencv_test_calib3d
[ 81%] Built target opencv_test_calib3d
[ 81%] Built target opencv_perf_stitching_pch_dephelp
[ 81%] Built target pch_Generate_opencv_perf_stitching
[ 81%] Built target opencv_stitching_pch_dephelp
[ 81%] Built target pch_Generate_opencv_stitching
[ 82%] Built target opencv_stitching
[ 82%] Built target opencv_perf_stitching
[ 82%] Built target opencv_test_stitching_pch_dephelp
[ 82%] Built target pch_Generate_opencv_test_stitching
[ 82%] Built target opencv_test_stitching
[ 82%] Built target opencv_videostab_pch_dephelp
[ 82%] Built target pch_Generate_opencv_videostab
[ 84%] Built target opencv_videostab
[ 85%] Built target opencv_traincascade
[ 85%] Built target opencv_createsamples
[ 85%] Built target opencv_annotation
[ 85%] Built target cpp-tutorial-pnp_detection
[ 86%] Built target cpp-tutorial-pnp_registration
[ 86%] Built target example_3calibration
[ 86%] Built target example_autofocus
[ 86%] Built target example_bgfg_segm
[ 86%] Built target example_calibration
[ 86%] Built target example_camshiftdemo
[ 86%] Built target example_cloning_demo
[ 87%] Built target example_cloning_gui
[ 87%] Built target example_connected_components
[ 87%] Built target example_contours2
[ 87%] Built target example_convexhull
[ 87%] Built target example_cout_mat
[ 87%] Built target example_create_mask
[ 87%] Built target example_dbt_face_detection
[ 87%] Built target example_delaunay2
[ 87%] Built target example_demhist
[ 87%] Built target example_detect_blob
[ 87%] Built target example_detect_mser
[ 87%] Built target example_dft
[ 87%] Built target example_distrans
[ 87%] Built target example_drawing
[ 89%] Built target example_edge
[ 89%] Built target example_em
[ 89%] Built target example_example
[ 89%] Built target example_facedetect
[ 89%] Built target example_facial_features
[ 89%] Built target example_fback
[ 89%] Built target example_ffilldemo
[ 89%] Built target example_filestorage
[ 89%] Built target example_fitellipse
[ 89%] Built target example_grabcut
[ 89%] Built target example_houghcircles
[ 89%] Built target example_houghlines
[ 89%] Built target example_image
[ 89%] Built target example_image_alignment
[ 89%] Built target example_image_sequence
[ 90%] Built target example_imagelist_creator
[ 90%] Built target example_inpaint
[ 90%] Built target example_intelperc_capture
[ 90%] Built target example_kalman
[ 90%] Built target example_kmeans
[ 90%] Built target example_laplace
[ 90%] Built target example_letter_recog
[ 90%] Built target example_lkdemo
[ 90%] Built target example_logistic_regression
[ 90%] Built target example_lsd_lines
[ 90%] Built target example_mask_tmpl
[ 90%] Built target example_matchmethod_orb_akaze_brisk
[ 90%] Built target example_minarea
[ 90%] Built target example_morphology2
[ 91%] Built target example_npr_demo
[ 91%] Built target example_opencv_version
[ 91%] Built target example_openni_capture
[ 91%] Built target example_pca
[ 91%] Built target example_phase_corr
[ 91%] Built target example_points_classifier
[ 91%] Built target example_polar_transforms
[ 91%] Built target example_segment_objects
[ 91%] Built target example_select3dobj
[ 91%] Built target example_shape_example
[ 91%] Built target example_smiledetect
[ 91%] Built target example_squares
[ 91%] Built target example_starter_imagelist
[ 91%] Built target example_starter_video
[ 92%] Built target example_stereo_calib
[ 92%] Built target example_stereo_match
[ 92%] Built target example_stitching
[ 92%] Built target example_stitching_detailed
[ 92%] Built target example_train_HOG
[ 92%] Built target example_tree_engine
[ 92%] Built target example_tvl1_optical_flow
[ 93%] Built target example_videostab
[ 93%] Built target example_watershed
[ 93%] Built target tutorial_AKAZE_match
[ 93%] Built target tutorial_AddingImages
[ 93%] Built target tutorial_AddingImagesTrackbar
[ 93%] Built target tutorial_BasicLinearTransforms
[ 93%] Built target tutorial_BasicLinearTransformsTrackbar
[ 93%] Built target tutorial_CannyDetector_Demo
[ 93%] Built target tutorial_Drawing_1
[ 95%] Built target tutorial_Drawing_2
[ 95%] Built target tutorial_EqualizeHist_Demo
[ 95%] Built target tutorial_Geometric_Transforms_Demo
[ 95%] Built target tutorial_HoughCircle_Demo
[ 95%] Built target tutorial_HoughLines_Demo
[ 95%] Built target tutorial_LATCH_match
[ 95%] Built target tutorial_Laplace_Demo
[ 95%] Built target tutorial_MatchTemplate_Demo
[ 95%] Built target tutorial_Morphology_1
[ 95%] Built target tutorial_Morphology_2
[ 95%] Built target tutorial_Morphology_3
[ 95%] Built target tutorial_Pyramids
[ 95%] Built target tutorial_Remap_Demo
[ 95%] Built target tutorial_SBM_Sample
[ 96%] Built target tutorial_Smoothing
[ 96%] Built target tutorial_Sobel_Demo
[ 96%] Built target tutorial_Threshold
[ 96%] Built target tutorial_bg_sub
[ 96%] Built target tutorial_calcBackProject_Demo1
[ 96%] Built target tutorial_calcBackProject_Demo2
[ 96%] Built target tutorial_calcHist_Demo
[ 96%] Built target tutorial_camera_calibration
[ 96%] Built target tutorial_cloning_demo
[ 96%] Built target tutorial_cloning_gui
[ 96%] Built target tutorial_compareHist_Demo
[ 96%] Built target tutorial_copyMakeBorder_demo
[ 96%] Built target tutorial_cornerDetector_Demo
[ 96%] Built target tutorial_cornerHarris_Demo
[ 96%] Built target tutorial_cornerSubPix_Demo
[ 97%] Built target tutorial_decolor
[ 97%] Built target tutorial_discrete_fourier_transform
[ 97%] Built target tutorial_display_image
[ 97%] Built target tutorial_file_input_output
[ 97%] Built target tutorial_filter2D_demo
[ 97%] Built target tutorial_findContours_demo
[ 97%] Built target tutorial_gdal-image
[ 97%] Built target tutorial_generalContours_demo1
[ 97%] Built target tutorial_generalContours_demo2
[ 97%] Built target tutorial_goodFeaturesToTrack_Demo
[ 97%] Built target tutorial_hdr_imaging
[ 97%] Built target tutorial_how_to_scan_images
[ 97%] Built target tutorial_hull_demo
[ 97%] Built target tutorial_imageSegmentation
[ 98%] Built target tutorial_interoperability_with_OpenCV_1
[ 98%] Built target tutorial_introduction_to_pca
[ 98%] Built target tutorial_introduction_to_svm
[ 98%] Built target tutorial_introduction_windows_vs
[ 98%] Built target tutorial_mat_mask_operations
[ 98%] Built target tutorial_mat_the_basic_image_container
[ 98%] Built target tutorial_moments_demo
[ 98%] Built target tutorial_non_linear_svms
[ 98%] Built target tutorial_npr_demo
[ 98%] Built target tutorial_objectDetection
[ 98%] Built target tutorial_objectDetection2
[ 98%] Built target tutorial_planar_tracking
[ 98%] Built target tutorial_pointPolygonTest_demo
[ 98%] Built target tutorial_video-input-psnr-ssim
[100%] Built target tutorial_video-write
[100%] Built target example_tapi_bgfg_segm
[100%] Built target example_tapi_camshift
[100%] Built target example_tapi_clahe
[100%] Built target example_tapi_hog
[100%] Built target example_tapi_pyrlk_optical_flow
[100%] Built target example_tapi_squares
[100%] Built target example_tapi_tvl1_optical_flow
[100%] Built target example_tapi_ufacedetect
  adding: cv2/ (stored 0%)
  adding: cv2/libopencv_imgproc.so.3.1 (deflated 66%)
  adding: cv2/libopencv_flann.so.3.1 (deflated 70%)
  adding: cv2/libopencv_objdetect.so.3.1 (deflated 57%)
  adding: cv2/libopencv_highgui.so.3.1 (deflated 68%)
  adding: cv2/libopencv_stitching.so.3.1 (deflated 62%)
  adding: cv2/libopencv_core.so.3.1 (deflated 63%)
  adding: cv2/libopencv_videoio.so.3.1 (deflated 61%)
  adding: cv2/__init__.py (stored 0%)
  adding: cv2/libopencv_videostab.so.3.1 (deflated 65%)
  adding: cv2/libopencv_superres.so.3.1 (deflated 69%)
  adding: cv2/libopencv_imgcodecs.so.3.1 (deflated 62%)
  adding: cv2/libopencv_calib3d.so.3.1 (deflated 60%)
  adding: cv2/libopencv_ml.so.3.1 (deflated 59%)
  adding: cv2/libopencv_video.so.3.1 (deflated 62%)
  adding: cv2/libopencv_features2d.so.3.1 (deflated 62%)
  adding: cv2/libopencv_shape.so.3.1 (deflated 64%)
  adding: cv2/libopencv_photo.so.3.1 (deflated 69%)
  adding: event.json (deflated 40%)
  adding: lambda_function.py (deflated 43%)
  adding: lambda_function.pyc (deflated 40%)
  adding: numpy/ (stored 0%)
  adding: numpy/ctypeslib.pyc (deflated 60%)
  adding: numpy/__config__.py (deflated 57%)
  adding: numpy/__config__.pyc (deflated 56%)
  adding: numpy/compat/ (stored 0%)
  adding: numpy/compat/setup.py (deflated 45%)
  adding: numpy/compat/__init__.py (deflated 44%)
  adding: numpy/compat/py3k.pyc (deflated 70%)
  adding: numpy/compat/_inspect.pyc (deflated 70%)
  adding: numpy/compat/_inspect.py (deflated 71%)
  adding: numpy/compat/__init__.pyc (deflated 35%)
  adding: numpy/compat/py3k.py (deflated 71%)
  adding: numpy/compat/setup.pyc (deflated 47%)
  adding: numpy/add_newdocs.pyc (deflated 74%)
  adding: numpy/dual.py (deflated 58%)
  adding: numpy/_globals.py (deflated 54%)
  adding: numpy/setup.py (deflated 64%)
  adding: numpy/tests/ (stored 0%)
  adding: numpy/tests/test_scripts.py (deflated 60%)
  adding: numpy/tests/test_ctypeslib.py (deflated 74%)
  adding: numpy/tests/test_matlib.py (deflated 71%)
  adding: numpy/tests/test_reloading.py (deflated 65%)
  adding: numpy/tests/test_warnings.py (deflated 64%)
  adding: numpy/tests/test_numpy_version.py (deflated 48%)
  adding: numpy/distutils/ (stored 0%)
  adding: numpy/distutils/command/ (stored 0%)
  adding: numpy/distutils/command/build_scripts.py (deflated 69%)
  adding: numpy/distutils/command/build_src.py (deflated 79%)
  adding: numpy/distutils/command/build_src.pyc (deflated 63%)
  adding: numpy/distutils/command/install_clib.py (deflated 62%)
  adding: numpy/distutils/command/build_py.py (deflated 65%)
  adding: numpy/distutils/command/bdist_rpm.pyc (deflated 53%)
  adding: numpy/distutils/command/config.py (deflated 74%)
  adding: numpy/distutils/command/build_ext.pyc (deflated 58%)
  adding: numpy/distutils/command/install_clib.pyc (deflated 62%)
  adding: numpy/distutils/command/install.py (deflated 62%)
  adding: numpy/distutils/command/bdist_rpm.py (deflated 59%)
  adding: numpy/distutils/command/build_clib.py (deflated 77%)
  adding: numpy/distutils/command/sdist.py (deflated 60%)
  adding: numpy/distutils/command/__init__.py (deflated 58%)
  adding: numpy/distutils/command/develop.pyc (deflated 53%)
  adding: numpy/distutils/command/build.pyc (deflated 63%)
  adding: numpy/distutils/command/develop.py (deflated 50%)
  adding: numpy/distutils/command/build_clib.pyc (deflated 59%)
  adding: numpy/distutils/command/autodist.pyc (deflated 66%)
  adding: numpy/distutils/command/build_scripts.pyc (deflated 59%)
  adding: numpy/distutils/command/install_headers.py (deflated 58%)
  adding: numpy/distutils/command/build_ext.py (deflated 78%)
  adding: numpy/distutils/command/install.pyc (deflated 58%)
  adding: numpy/distutils/command/install_headers.pyc (deflated 53%)
  adding: numpy/distutils/command/install_data.pyc (deflated 61%)
  adding: numpy/distutils/command/install_data.py (deflated 60%)
  adding: numpy/distutils/command/config_compiler.pyc (deflated 70%)
  adding: numpy/distutils/command/egg_info.pyc (deflated 53%)
  adding: numpy/distutils/command/build_py.pyc (deflated 62%)
  adding: numpy/distutils/command/__init__.pyc (deflated 46%)
  adding: numpy/distutils/command/config.pyc (deflated 64%)
  adding: numpy/distutils/command/autodist.py (deflated 68%)
  adding: numpy/distutils/command/sdist.pyc (deflated 52%)
  adding: numpy/distutils/command/egg_info.py (deflated 54%)
  adding: numpy/distutils/command/config_compiler.py (deflated 76%)
  adding: numpy/distutils/command/build.py (deflated 64%)
  adding: numpy/distutils/from_template.pyc (deflated 58%)
  adding: numpy/distutils/unixccompiler.pyc (deflated 51%)
  adding: numpy/distutils/unixccompiler.py (deflated 63%)
  adding: numpy/distutils/extension.pyc (deflated 55%)
  adding: numpy/distutils/system_info.pyc (deflated 70%)
  adding: numpy/distutils/npy_pkg_config.py (deflated 70%)
  adding: numpy/distutils/lib2def.py (deflated 63%)
  adding: numpy/distutils/__config__.py (deflated 57%)
  adding: numpy/distutils/mingw/ (stored 0%)
  adding: numpy/distutils/mingw/gfortran_vs2003_hack.c (deflated 5%)
  adding: numpy/distutils/__config__.pyc (deflated 56%)
  adding: numpy/distutils/system_info.py (deflated 78%)
  adding: numpy/distutils/__version__.py (deflated 25%)
  adding: numpy/distutils/log.py (deflated 64%)
  adding: numpy/distutils/npy_pkg_config.pyc (deflated 68%)
  adding: numpy/distutils/setup.py (deflated 53%)
  adding: numpy/distutils/tests/ (stored 0%)
  adding: numpy/distutils/tests/test_npy_pkg_config.py (deflated 74%)
  adding: numpy/distutils/tests/test_misc_util.py (deflated 74%)
  adding: numpy/distutils/tests/test_fcompiler_intel.py (deflated 67%)
  adding: numpy/distutils/tests/test_fcompiler_gnu.py (deflated 71%)
  adding: numpy/distutils/tests/test_system_info.py (deflated 72%)
  adding: numpy/distutils/tests/test_exec_command.py (deflated 78%)
  adding: numpy/distutils/from_template.py (deflated 65%)
  adding: numpy/distutils/compat.py (deflated 26%)
  adding: numpy/distutils/core.py (deflated 73%)
  adding: numpy/distutils/core.pyc (deflated 56%)
  adding: numpy/distutils/cpuinfo.pyc (deflated 85%)
  adding: numpy/distutils/__init__.py (deflated 47%)
  adding: numpy/distutils/compat.pyc (deflated 45%)
  adding: numpy/distutils/numpy_distribution.pyc (deflated 60%)
  adding: numpy/distutils/environment.pyc (deflated 66%)
  adding: numpy/distutils/info.pyc (deflated 29%)
  adding: numpy/distutils/intelccompiler.py (deflated 76%)
  adding: numpy/distutils/log.pyc (deflated 57%)
  adding: numpy/distutils/mingw32ccompiler.py (deflated 69%)
  adding: numpy/distutils/misc_util.py (deflated 76%)
  adding: numpy/distutils/cpuinfo.py (deflated 80%)
  adding: numpy/distutils/info.py (deflated 24%)
  adding: numpy/distutils/intelccompiler.pyc (deflated 68%)
  adding: numpy/distutils/numpy_distribution.py (deflated 51%)
  adding: numpy/distutils/exec_command.pyc (deflated 59%)
  adding: numpy/distutils/line_endings.pyc (deflated 66%)
  adding: numpy/distutils/pathccompiler.pyc (deflated 54%)
  adding: numpy/distutils/lib2def.pyc (deflated 53%)
  adding: numpy/distutils/environment.py (deflated 71%)
  adding: numpy/distutils/misc_util.pyc (deflated 69%)
  adding: numpy/distutils/line_endings.py (deflated 73%)
  adding: numpy/distutils/__init__.pyc (deflated 37%)
  adding: numpy/distutils/mingw32ccompiler.pyc (deflated 60%)
  adding: numpy/distutils/extension.py (deflated 69%)
  adding: numpy/distutils/msvccompiler.py (deflated 59%)
  adding: numpy/distutils/setup.pyc (deflated 48%)
  adding: numpy/distutils/__version__.pyc (deflated 31%)
  adding: numpy/distutils/exec_command.py (deflated 65%)
  adding: numpy/distutils/msvccompiler.pyc (deflated 58%)
  adding: numpy/distutils/msvc9compiler.pyc (deflated 60%)
  adding: numpy/distutils/fcompiler/ (stored 0%)
  adding: numpy/distutils/fcompiler/mips.py (deflated 60%)
  adding: numpy/distutils/fcompiler/ibm.pyc (deflated 56%)
  adding: numpy/distutils/fcompiler/hpux.py (deflated 57%)
  adding: numpy/distutils/fcompiler/absoft.pyc (deflated 66%)
  adding: numpy/distutils/fcompiler/nag.pyc (deflated 59%)
  adding: numpy/distutils/fcompiler/nag.py (deflated 58%)
  adding: numpy/distutils/fcompiler/none.pyc (deflated 54%)
  adding: numpy/distutils/fcompiler/__init__.py (deflated 74%)
  adding: numpy/distutils/fcompiler/sun.py (deflated 57%)
  adding: numpy/distutils/fcompiler/vast.py (deflated 57%)
  adding: numpy/distutils/fcompiler/none.py (deflated 59%)
  adding: numpy/distutils/fcompiler/gnu.py (deflated 71%)
  adding: numpy/distutils/fcompiler/intel.pyc (deflated 73%)
  adding: numpy/distutils/fcompiler/hpux.pyc (deflated 62%)
  adding: numpy/distutils/fcompiler/absoft.py (deflated 67%)
  adding: numpy/distutils/fcompiler/sun.pyc (deflated 60%)
  adding: numpy/distutils/fcompiler/ibm.py (deflated 62%)
  adding: numpy/distutils/fcompiler/compaq.pyc (deflated 63%)
  adding: numpy/distutils/fcompiler/lahey.pyc (deflated 59%)
  adding: numpy/distutils/fcompiler/pg.py (deflated 64%)
  adding: numpy/distutils/fcompiler/pg.pyc (deflated 61%)
  adding: numpy/distutils/fcompiler/intel.py (deflated 75%)
  adding: numpy/distutils/fcompiler/gnu.pyc (deflated 63%)
  adding: numpy/distutils/fcompiler/mips.pyc (deflated 59%)
  adding: numpy/distutils/fcompiler/g95.py (deflated 57%)
  adding: numpy/distutils/fcompiler/pathf95.pyc (deflated 56%)
  adding: numpy/distutils/fcompiler/lahey.py (deflated 57%)
  adding: numpy/distutils/fcompiler/vast.pyc (deflated 56%)
  adding: numpy/distutils/fcompiler/compaq.py (deflated 66%)
  adding: numpy/distutils/fcompiler/pathf95.py (deflated 56%)
  adding: numpy/distutils/fcompiler/__init__.pyc (deflated 65%)
  adding: numpy/distutils/fcompiler/g95.pyc (deflated 59%)
  adding: numpy/distutils/ccompiler.py (deflated 71%)
  adding: numpy/distutils/conv_template.pyc (deflated 58%)
  adding: numpy/distutils/ccompiler.pyc (deflated 61%)
  adding: numpy/distutils/pathccompiler.py (deflated 61%)
  adding: numpy/distutils/conv_template.py (deflated 65%)
  adding: numpy/distutils/msvc9compiler.py (deflated 60%)
  adding: numpy/version.py (deflated 30%)
  adding: numpy/core/ (stored 0%)
  adding: numpy/core/machar.pyc (deflated 60%)
  adding: numpy/core/fromnumeric.py (deflated 79%)
  adding: numpy/core/setup_common.py (deflated 67%)
  adding: numpy/core/function_base.pyc (deflated 67%)
  adding: numpy/core/struct_ufunc_test.so (deflated 56%)
  adding: numpy/core/_methods.py (deflated 72%)
  adding: numpy/core/include/ (stored 0%)
  adding: numpy/core/include/numpy/ (stored 0%)
  adding: numpy/core/include/numpy/npy_os.h (deflated 69%)
  adding: numpy/core/include/numpy/old_defines.h (deflated 79%)
  adding: numpy/core/include/numpy/__multiarray_api.h (deflated 87%)
  adding: numpy/core/include/numpy/npy_interrupt.h (deflated 58%)
  adding: numpy/core/include/numpy/npy_cpu.h (deflated 69%)
  adding: numpy/core/include/numpy/npy_no_deprecated_api.h (deflated 42%)
  adding: numpy/core/include/numpy/ufuncobject.h (deflated 69%)
  adding: numpy/core/include/numpy/ufunc_api.txt (deflated 82%)
  adding: numpy/core/include/numpy/ndarraytypes.h (deflated 76%)
  adding: numpy/core/include/numpy/npy_math.h (deflated 80%)
  adding: numpy/core/include/numpy/_numpyconfig.h (deflated 67%)
  adding: numpy/core/include/numpy/numpyconfig.h (deflated 59%)
  adding: numpy/core/include/numpy/noprefix.h (deflated 74%)
  adding: numpy/core/include/numpy/arrayscalars.h (deflated 80%)
  adding: numpy/core/include/numpy/__ufunc_api.h (deflated 87%)
  adding: numpy/core/include/numpy/halffloat.h (deflated 70%)
  adding: numpy/core/include/numpy/npy_3kcompat.h (deflated 76%)
  adding: numpy/core/include/numpy/ndarrayobject.h (deflated 76%)
  adding: numpy/core/include/numpy/multiarray_api.txt (deflated 72%)
  adding: numpy/core/include/numpy/_neighborhood_iterator_imp.h (deflated 66%)
  adding: numpy/core/include/numpy/npy_endian.h (deflated 77%)
  adding: numpy/core/include/numpy/arrayobject.h (deflated 32%)
  adding: numpy/core/include/numpy/npy_common.h (deflated 82%)
  adding: numpy/core/include/numpy/oldnumeric.h (deflated 51%)
  adding: numpy/core/include/numpy/utils.h (deflated 57%)
  adding: numpy/core/include/numpy/npy_1_7_deprecated_api.h (deflated 68%)
  adding: numpy/core/multiarray.so (deflated 72%)
  adding: numpy/core/einsumfunc.pyc (deflated 64%)
  adding: numpy/core/shape_base.py (deflated 73%)
  adding: numpy/core/numerictypes.pyc (deflated 66%)
  adding: numpy/core/arrayprint.pyc (deflated 70%)
  adding: numpy/core/arrayprint.py (deflated 75%)
  adding: numpy/core/setup.py (deflated 78%)
  adding: numpy/core/tests/ (stored 0%)
  adding: numpy/core/tests/test_scalarinherit.py (deflated 57%)
  adding: numpy/core/tests/test_indexing.py (deflated 75%)
  adding: numpy/core/tests/test_multiarray.py (deflated 81%)
  adding: numpy/core/tests/test_defchararray.py (deflated 84%)
  adding: numpy/core/tests/test_getlimits.py (deflated 70%)
  adding: numpy/core/tests/test_umath.py (deflated 81%)
  adding: numpy/core/tests/test_numeric.py (deflated 82%)
  adding: numpy/core/tests/test_ufunc.py (deflated 80%)
  adding: numpy/core/tests/test_nditer.py (deflated 85%)
  adding: numpy/core/tests/test_deprecations.py (deflated 69%)
  adding: numpy/core/tests/test_mem_overlap.py (deflated 76%)
  adding: numpy/core/tests/test_extint128.py (deflated 77%)
  adding: numpy/core/tests/test_dtype.py (deflated 81%)
  adding: numpy/core/tests/test_half.py (deflated 79%)
  adding: numpy/core/tests/test_arrayprint.py (deflated 76%)
  adding: numpy/core/tests/test_abc.py (deflated 80%)
  adding: numpy/core/tests/test_umath_complex.py (deflated 81%)
  adding: numpy/core/tests/test_longdouble.py (deflated 75%)
  adding: numpy/core/tests/test_function_base.py (deflated 77%)
  adding: numpy/core/tests/test_memmap.py (deflated 75%)
  adding: numpy/core/tests/data/ (stored 0%)
  adding: numpy/core/tests/data/recarray_from_file.fits (deflated 90%)
  adding: numpy/core/tests/data/astype_copy.pkl (deflated 6%)
  adding: numpy/core/tests/test_machar.py (deflated 52%)
  adding: numpy/core/tests/test_einsum.py (deflated 83%)
  adding: numpy/core/tests/test_scalarprint.py (deflated 57%)
  adding: numpy/core/tests/test_numerictypes.py (deflated 82%)
  adding: numpy/core/tests/test_scalarmath.py (deflated 76%)
  adding: numpy/core/tests/test_regression.py (deflated 75%)
  adding: numpy/core/tests/test_records.py (deflated 76%)
  adding: numpy/core/tests/test_errstate.py (deflated 68%)
  adding: numpy/core/tests/test_datetime.py (deflated 86%)
  adding: numpy/core/tests/test_item_selection.py (deflated 67%)
  adding: numpy/core/tests/test_shape_base.py (deflated 83%)
  adding: numpy/core/tests/test_api.py (deflated 79%)
  adding: numpy/core/tests/test_indexerrors.py (deflated 83%)
  adding: numpy/core/tests/test_print.py (deflated 76%)
  adding: numpy/core/tests/test_unicode.py (deflated 84%)
  adding: numpy/core/lib/ (stored 0%)
  adding: numpy/core/lib/npy-pkg-config/ (stored 0%)
  adding: numpy/core/lib/npy-pkg-config/npymath.ini (deflated 36%)
  adding: numpy/core/lib/npy-pkg-config/mlib.ini (deflated 20%)
  adding: numpy/core/lib/libnpymath.a (deflated 73%)
  adding: numpy/core/test_rational.so (deflated 69%)
  adding: numpy/core/__init__.py (deflated 59%)
  adding: numpy/core/defchararray.py (deflated 82%)
  adding: numpy/core/fromnumeric.pyc (deflated 77%)
  adding: numpy/core/info.pyc (deflated 68%)
  adding: numpy/core/_methods.pyc (deflated 65%)
  adding: numpy/core/numeric.py (deflated 74%)
  adding: numpy/core/records.py (deflated 71%)
  adding: numpy/core/cversions.py (deflated 42%)
  adding: numpy/core/getlimits.pyc (deflated 68%)
  adding: numpy/core/machar.py (deflated 73%)
  adding: numpy/core/cversions.pyc (deflated 36%)
  adding: numpy/core/umath.so (deflated 76%)
  adding: numpy/core/records.pyc (deflated 63%)
  adding: numpy/core/_internal.py (deflated 70%)
  adding: numpy/core/info.py (deflated 71%)
  adding: numpy/core/numerictypes.py (deflated 73%)
  adding: numpy/core/function_base.py (deflated 70%)
  adding: numpy/core/setup_common.pyc (deflated 60%)
  adding: numpy/core/multiarray_tests.so (deflated 66%)
  adding: numpy/core/_internal.pyc (deflated 66%)
  adding: numpy/core/generate_numpy_api.py (deflated 70%)
  adding: numpy/core/numeric.pyc (deflated 70%)
  adding: numpy/core/getlimits.py (deflated 73%)
  adding: numpy/core/_dummy.so (deflated 56%)
  adding: numpy/core/defchararray.pyc (deflated 82%)
  adding: numpy/core/__init__.pyc (deflated 50%)
  adding: numpy/core/setup.pyc (deflated 63%)
  adding: numpy/core/memmap.pyc (deflated 62%)
  adding: numpy/core/operand_flag_tests.so (deflated 56%)
  adding: numpy/core/umath_tests.so (deflated 63%)
  adding: numpy/core/memmap.py (deflated 68%)
  adding: numpy/core/generate_numpy_api.pyc (deflated 62%)
  adding: numpy/core/einsumfunc.py (deflated 74%)
  adding: numpy/core/shape_base.pyc (deflated 71%)
  adding: numpy/lib/ (stored 0%)
  adding: numpy/lib/polynomial.pyc (deflated 67%)
  adding: numpy/lib/index_tricks.pyc (deflated 67%)
  adding: numpy/lib/_iotools.py (deflated 75%)
  adding: numpy/lib/mixins.pyc (deflated 67%)
  adding: numpy/lib/stride_tricks.py (deflated 66%)
  adding: numpy/lib/_iotools.pyc (deflated 67%)
  adding: numpy/lib/recfunctions.pyc (deflated 67%)
  adding: numpy/lib/format.py (deflated 70%)
  adding: numpy/lib/function_base.pyc (deflated 68%)
  adding: numpy/lib/_version.pyc (deflated 67%)
  adding: numpy/lib/financial.pyc (deflated 69%)
  adding: numpy/lib/nanfunctions.py (deflated 81%)
  adding: numpy/lib/utils.pyc (deflated 63%)
  adding: numpy/lib/twodim_base.pyc (deflated 71%)
  adding: numpy/lib/recfunctions.py (deflated 76%)
  adding: numpy/lib/shape_base.py (deflated 72%)
  adding: numpy/lib/twodim_base.py (deflated 73%)
  adding: numpy/lib/setup.py (deflated 46%)
  adding: numpy/lib/tests/ (stored 0%)
  adding: numpy/lib/tests/test_arraysetops.py (deflated 80%)
  adding: numpy/lib/tests/test_packbits.py (deflated 79%)
  adding: numpy/lib/tests/test_recfunctions.py (deflated 86%)
  adding: numpy/lib/tests/test_arraypad.py (deflated 89%)
  adding: numpy/lib/tests/test_index_tricks.py (deflated 77%)
  adding: numpy/lib/tests/test_type_check.py (deflated 83%)
  adding: numpy/lib/tests/test_io.py (deflated 81%)
  adding: numpy/lib/tests/test_mixins.py (deflated 73%)
  adding: numpy/lib/tests/test__iotools.py (deflated 80%)
  adding: numpy/lib/tests/test_stride_tricks.py (deflated 78%)
  adding: numpy/lib/tests/test_utils.py (deflated 59%)
  adding: numpy/lib/tests/test_function_base.py (deflated 82%)
  adding: numpy/lib/tests/data/ (stored 0%)
  adding: numpy/lib/tests/data/win64python2.npy (deflated 22%)
  adding: numpy/lib/tests/data/py3-objarr.npy (deflated 13%)
  adding: numpy/lib/tests/data/py3-objarr.npz (deflated 21%)
  adding: numpy/lib/tests/data/py2-objarr.npz (deflated 23%)
  adding: numpy/lib/tests/data/python3.npy (deflated 23%)
  adding: numpy/lib/tests/data/py2-objarr.npy (deflated 14%)
  adding: numpy/lib/tests/test_nanfunctions.py (deflated 86%)
  adding: numpy/lib/tests/test_ufunclike.py (deflated 71%)
  adding: numpy/lib/tests/test__datasource.py (deflated 79%)
  adding: numpy/lib/tests/test_format.py (deflated 83%)
  adding: numpy/lib/tests/test_regression.py (deflated 70%)
  adding: numpy/lib/tests/test_financial.py (deflated 81%)
  adding: numpy/lib/tests/test__version.py (deflated 74%)
  adding: numpy/lib/tests/test_shape_base.py (deflated 81%)
  adding: numpy/lib/tests/test_arrayterator.py (deflated 63%)
  adding: numpy/lib/tests/test_twodim_base.py (deflated 80%)
  adding: numpy/lib/tests/test_polynomial.py (deflated 70%)
  adding: numpy/lib/type_check.py (deflated 73%)
  adding: numpy/lib/nanfunctions.pyc (deflated 77%)
  adding: numpy/lib/arraypad.py (deflated 85%)
  adding: numpy/lib/_datasource.pyc (deflated 72%)
  adding: numpy/lib/stride_tricks.pyc (deflated 63%)
  adding: numpy/lib/__init__.py (deflated 70%)
  adding: numpy/lib/utils.py (deflated 72%)
  adding: numpy/lib/info.pyc (deflated 65%)
  adding: numpy/lib/financial.py (deflated 72%)
  adding: numpy/lib/arrayterator.pyc (deflated 62%)
  adding: numpy/lib/user_array.pyc (deflated 83%)
  adding: numpy/lib/index_tricks.py (deflated 71%)
  adding: numpy/lib/arraysetops.py (deflated 74%)
  adding: numpy/lib/npyio.py (deflated 74%)
  adding: numpy/lib/info.py (deflated 67%)
  adding: numpy/lib/_datasource.py (deflated 75%)
  adding: numpy/lib/user_array.py (deflated 80%)
  adding: numpy/lib/npyio.pyc (deflated 65%)
  adding: numpy/lib/function_base.py (deflated 73%)
  adding: numpy/lib/type_check.pyc (deflated 68%)
  adding: numpy/lib/scimath.pyc (deflated 76%)
  adding: numpy/lib/arrayterator.py (deflated 66%)
  adding: numpy/lib/ufunclike.py (deflated 71%)
  adding: numpy/lib/scimath.py (deflated 78%)
  adding: numpy/lib/polynomial.py (deflated 70%)
  adding: numpy/lib/arraypad.pyc (deflated 82%)
  adding: numpy/lib/__init__.pyc (deflated 50%)
  adding: numpy/lib/ufunclike.pyc (deflated 68%)
  adding: numpy/lib/format.pyc (deflated 64%)
  adding: numpy/lib/setup.pyc (deflated 46%)
  adding: numpy/lib/mixins.py (deflated 69%)
  adding: numpy/lib/arraysetops.pyc (deflated 69%)
  adding: numpy/lib/_version.py (deflated 71%)
  adding: numpy/lib/shape_base.pyc (deflated 69%)
  adding: numpy/__init__.py (deflated 58%)
  adding: numpy/matlib.pyc (deflated 69%)
  adding: numpy/random/ (stored 0%)
  adding: numpy/random/setup.py (deflated 59%)
  adding: numpy/random/tests/ (stored 0%)
  adding: numpy/random/tests/test_regression.py (deflated 66%)
  adding: numpy/random/tests/test_random.py (deflated 80%)
  adding: numpy/random/randomkit.h (deflated 65%)
  adding: numpy/random/__init__.py (deflated 74%)
  adding: numpy/random/mtrand.so (deflated 71%)
  adding: numpy/random/info.pyc (deflated 73%)
  adding: numpy/random/info.py (deflated 78%)
  adding: numpy/random/__init__.pyc (deflated 71%)
  adding: numpy/random/setup.pyc (deflated 52%)
  adding: numpy/add_newdocs.py (deflated 77%)
  adding: numpy/polynomial/ (stored 0%)
  adding: numpy/polynomial/polynomial.pyc (deflated 71%)
  adding: numpy/polynomial/hermite.pyc (deflated 71%)
  adding: numpy/polynomial/hermite_e.py (deflated 75%)
  adding: numpy/polynomial/chebyshev.py (deflated 75%)
  adding: numpy/polynomial/setup.py (deflated 46%)
  adding: numpy/polynomial/tests/ (stored 0%)
  adding: numpy/polynomial/tests/test_legendre.py (deflated 81%)
  adding: numpy/polynomial/tests/test_classes.py (deflated 83%)
  adding: numpy/polynomial/tests/test_hermite_e.py (deflated 82%)
  adding: numpy/polynomial/tests/test_printing.py (deflated 81%)
  adding: numpy/polynomial/tests/test_chebyshev.py (deflated 82%)
  adding: numpy/polynomial/tests/test_laguerre.py (deflated 81%)
  adding: numpy/polynomial/tests/test_hermite.py (deflated 81%)
  adding: numpy/polynomial/tests/test_polyutils.py (deflated 74%)
  adding: numpy/polynomial/tests/test_polynomial.py (deflated 82%)
  adding: numpy/polynomial/laguerre.py (deflated 75%)
  adding: numpy/polynomial/polyutils.pyc (deflated 64%)
  adding: numpy/polynomial/polyutils.py (deflated 66%)
  adding: numpy/polynomial/__init__.py (deflated 49%)
  adding: numpy/polynomial/laguerre.pyc (deflated 71%)
  adding: numpy/polynomial/_polybase.py (deflated 77%)
  adding: numpy/polynomial/hermite.py (deflated 75%)
  adding: numpy/polynomial/hermite_e.pyc (deflated 71%)
  adding: numpy/polynomial/legendre.py (deflated 75%)
  adding: numpy/polynomial/_polybase.pyc (deflated 77%)
  adding: numpy/polynomial/polynomial.py (deflated 75%)
  adding: numpy/polynomial/__init__.pyc (deflated 42%)
  adding: numpy/polynomial/setup.pyc (deflated 47%)
  adding: numpy/polynomial/chebyshev.pyc (deflated 72%)
  adding: numpy/polynomial/legendre.pyc (deflated 71%)
  adding: numpy/version.pyc (deflated 31%)
  adding: numpy/_import_tools.pyc (deflated 60%)
  adding: numpy/ma/ (stored 0%)
  adding: numpy/ma/mrecords.pyc (deflated 63%)
  adding: numpy/ma/timer_comparison.pyc (deflated 67%)
  adding: numpy/ma/bench.pyc (deflated 61%)
  adding: numpy/ma/bench.py (deflated 76%)
  adding: numpy/ma/extras.pyc (deflated 70%)
  adding: numpy/ma/setup.py (deflated 46%)
  adding: numpy/ma/tests/ (stored 0%)
  adding: numpy/ma/tests/test_core.py (deflated 82%)
  adding: numpy/ma/tests/test_deprecations.py (deflated 69%)
  adding: numpy/ma/tests/test_mrecords.py (deflated 80%)
  adding: numpy/ma/tests/test_subclassing.py (deflated 75%)
  adding: numpy/ma/tests/test_old_ma.py (deflated 79%)
  adding: numpy/ma/tests/test_regression.py (deflated 65%)
  adding: numpy/ma/tests/test_extras.py (deflated 84%)
  adding: numpy/ma/version.py (deflated 43%)
  adding: numpy/ma/testutils.pyc (deflated 67%)
  adding: numpy/ma/core.py (deflated 78%)
  adding: numpy/ma/core.pyc (deflated 73%)
  adding: numpy/ma/__init__.py (deflated 51%)
  adding: numpy/ma/mrecords.py (deflated 73%)
  adding: numpy/ma/version.pyc (deflated 33%)
  adding: numpy/ma/testutils.py (deflated 76%)
  adding: numpy/ma/timer_comparison.py (deflated 78%)
  adding: numpy/ma/extras.py (deflated 75%)
  adding: numpy/ma/__init__.pyc (deflated 44%)
  adding: numpy/ma/setup.pyc (deflated 46%)
  adding: numpy/matrixlib/ (stored 0%)
  adding: numpy/matrixlib/defmatrix.pyc (deflated 75%)
  adding: numpy/matrixlib/setup.py (deflated 46%)
  adding: numpy/matrixlib/tests/ (stored 0%)
  adding: numpy/matrixlib/tests/test_multiarray.py (deflated 50%)
  adding: numpy/matrixlib/tests/test_numeric.py (deflated 51%)
  adding: numpy/matrixlib/tests/test_defmatrix.py (deflated 77%)
  adding: numpy/matrixlib/tests/test_regression.py (deflated 58%)
  adding: numpy/matrixlib/__init__.py (deflated 41%)
  adding: numpy/matrixlib/defmatrix.py (deflated 77%)
  adding: numpy/matrixlib/__init__.pyc (deflated 33%)
  adding: numpy/matrixlib/setup.pyc (deflated 46%)
  adding: numpy/_distributor_init.py (deflated 37%)
  adding: numpy/_distributor_init.pyc (deflated 35%)
  adding: numpy/_import_tools.py (deflated 75%)
  adding: numpy/matlib.py (deflated 71%)
  adding: numpy/_globals.pyc (deflated 56%)
  adding: numpy/dual.pyc (deflated 52%)
  adding: numpy/__init__.pyc (deflated 51%)
  adding: numpy/f2py/ (stored 0%)
  adding: numpy/f2py/crackfortran.pyc (deflated 61%)
  adding: numpy/f2py/f90mod_rules.pyc (deflated 57%)
  adding: numpy/f2py/f2py2e.py (deflated 71%)
  adding: numpy/f2py/__main__.pyc (deflated 35%)
  adding: numpy/f2py/func2subr.pyc (deflated 59%)
  adding: numpy/f2py/cb_rules.py (deflated 78%)
  adding: numpy/f2py/use_rules.py (deflated 60%)
  adding: numpy/f2py/__version__.py (deflated 40%)
  adding: numpy/f2py/cfuncs.py (deflated 79%)
  adding: numpy/f2py/__main__.py (deflated 49%)
  adding: numpy/f2py/f90mod_rules.py (deflated 70%)
  adding: numpy/f2py/setup.py (deflated 58%)
  adding: numpy/f2py/tests/ (stored 0%)
  adding: numpy/f2py/tests/test_kind.py (deflated 61%)
  adding: numpy/f2py/tests/test_return_real.py (deflated 79%)
  adding: numpy/f2py/tests/test_array_from_pyobj.py (deflated 82%)
  adding: numpy/f2py/tests/test_parameter.py (deflated 83%)
  adding: numpy/f2py/tests/test_common.py (deflated 54%)
  adding: numpy/f2py/tests/test_return_integer.py (deflated 81%)
  adding: numpy/f2py/tests/src/ (stored 0%)
  adding: numpy/f2py/tests/src/string/ (stored 0%)
  adding: numpy/f2py/tests/src/string/char.f90 (deflated 62%)
  adding: numpy/f2py/tests/src/common/ (stored 0%)
  adding: numpy/f2py/tests/src/common/block.f (deflated 45%)
  adding: numpy/f2py/tests/src/parameter/ (stored 0%)
  adding: numpy/f2py/tests/src/parameter/constant_real.f90 (deflated 60%)
  adding: numpy/f2py/tests/src/parameter/constant_non_compound.f90 (deflated 50%)
  adding: numpy/f2py/tests/src/parameter/constant_both.f90 (deflated 81%)
  adding: numpy/f2py/tests/src/parameter/constant_integer.f90 (deflated 61%)
  adding: numpy/f2py/tests/src/parameter/constant_compound.f90 (deflated 47%)
  adding: numpy/f2py/tests/src/assumed_shape/ (stored 0%)
  adding: numpy/f2py/tests/src/assumed_shape/foo_use.f90 (deflated 39%)
  adding: numpy/f2py/tests/src/assumed_shape/foo_free.f90 (deflated 63%)
  adding: numpy/f2py/tests/src/assumed_shape/foo_mod.f90 (deflated 62%)
  adding: numpy/f2py/tests/src/assumed_shape/precision.f90 (deflated 38%)
  adding: numpy/f2py/tests/src/assumed_shape/.f2py_f2cmap (deflated 7%)
  adding: numpy/f2py/tests/src/mixed/ (stored 0%)
  adding: numpy/f2py/tests/src/mixed/foo.f (deflated 25%)
  adding: numpy/f2py/tests/src/mixed/foo_free.f90 (deflated 32%)
  adding: numpy/f2py/tests/src/mixed/foo_fixed.f90 (deflated 45%)
  adding: numpy/f2py/tests/src/size/ (stored 0%)
  adding: numpy/f2py/tests/src/size/foo.f90 (deflated 66%)
  adding: numpy/f2py/tests/src/kind/ (stored 0%)
  adding: numpy/f2py/tests/src/kind/foo.f90 (deflated 59%)
  adding: numpy/f2py/tests/src/array_from_pyobj/ (stored 0%)
  adding: numpy/f2py/tests/src/array_from_pyobj/wrapmodule.c (deflated 73%)
  adding: numpy/f2py/tests/src/regression/ (stored 0%)
  adding: numpy/f2py/tests/src/regression/inout.f90 (deflated 42%)
  adding: numpy/f2py/tests/test_mixed.py (deflated 55%)
  adding: numpy/f2py/tests/test_return_character.py (deflated 78%)
  adding: numpy/f2py/tests/util.py (deflated 73%)
  adding: numpy/f2py/tests/test_regression.py (deflated 46%)
  adding: numpy/f2py/tests/test_callback.py (deflated 71%)
  adding: numpy/f2py/tests/test_string.py (deflated 46%)
  adding: numpy/f2py/tests/test_assumed_shape.py (deflated 63%)
  adding: numpy/f2py/tests/test_return_logical.py (deflated 81%)
  adding: numpy/f2py/tests/test_return_complex.py (deflated 79%)
  adding: numpy/f2py/tests/test_size.py (deflated 64%)
  adding: numpy/f2py/auxfuncs.pyc (deflated 78%)
  adding: numpy/f2py/auxfuncs.py (deflated 78%)
  adding: numpy/f2py/__init__.py (deflated 58%)
  adding: numpy/f2py/src/ (stored 0%)
  adding: numpy/f2py/src/fortranobject.c (deflated 77%)
  adding: numpy/f2py/src/fortranobject.h (deflated 66%)
  adding: numpy/f2py/func2subr.py (deflated 78%)
  adding: numpy/f2py/f2py2e.pyc (deflated 57%)
  adding: numpy/f2py/info.pyc (deflated 28%)
  adding: numpy/f2py/common_rules.pyc (deflated 56%)
  adding: numpy/f2py/diagnose.py (deflated 81%)
  adding: numpy/f2py/info.py (deflated 19%)
  adding: numpy/f2py/cb_rules.pyc (deflated 63%)
  adding: numpy/f2py/f2py_testing.py (deflated 63%)
  adding: numpy/f2py/rules.py (deflated 80%)
  adding: numpy/f2py/capi_maps.py (deflated 78%)
  adding: numpy/f2py/__init__.pyc (deflated 49%)
  adding: numpy/f2py/diagnose.pyc (deflated 60%)
  adding: numpy/f2py/setup.pyc (deflated 50%)
  adding: numpy/f2py/__version__.pyc (deflated 31%)
  adding: numpy/f2py/crackfortran.py (deflated 79%)
  adding: numpy/f2py/common_rules.py (deflated 65%)
  adding: numpy/f2py/use_rules.pyc (deflated 47%)
  adding: numpy/f2py/cfuncs.pyc (deflated 73%)
  adding: numpy/f2py/rules.pyc (deflated 65%)
  adding: numpy/f2py/capi_maps.pyc (deflated 58%)
  adding: numpy/f2py/f2py_testing.pyc (deflated 49%)
  adding: numpy/ctypeslib.py (deflated 69%)
  adding: numpy/testing/ (stored 0%)
  adding: numpy/testing/decorators.py (deflated 72%)
  adding: numpy/testing/noseclasses.pyc (deflated 64%)
  adding: numpy/testing/print_coercion_tables.py (deflated 72%)
  adding: numpy/testing/utils.pyc (deflated 69%)
  adding: numpy/testing/nosetester.py (deflated 71%)
  adding: numpy/testing/setup.py (deflated 50%)
  adding: numpy/testing/tests/ (stored 0%)
  adding: numpy/testing/tests/test_decorators.py (deflated 78%)
  adding: numpy/testing/tests/test_utils.py (deflated 85%)
  adding: numpy/testing/tests/test_doctesting.py (deflated 47%)
  adding: numpy/testing/__init__.py (deflated 46%)
  adding: numpy/testing/utils.py (deflated 76%)
  adding: numpy/testing/print_coercion_tables.pyc (deflated 63%)
  adding: numpy/testing/decorators.pyc (deflated 70%)
  adding: numpy/testing/noseclasses.py (deflated 68%)
  adding: numpy/testing/__init__.pyc (deflated 37%)
  adding: numpy/testing/nosetester.pyc (deflated 63%)
  adding: numpy/testing/setup.pyc (deflated 46%)
  adding: numpy/setup.pyc (deflated 51%)
  adding: numpy/fft/ (stored 0%)
  adding: numpy/fft/fftpack.pyc (deflated 80%)
  adding: numpy/fft/fftpack_lite.so (deflated 60%)
  adding: numpy/fft/fftpack.py (deflated 82%)
  adding: numpy/fft/setup.py (deflated 53%)
  adding: numpy/fft/tests/ (stored 0%)
  adding: numpy/fft/tests/test_helper.py (deflated 76%)
  adding: numpy/fft/tests/test_fftpack.py (deflated 79%)
  adding: numpy/fft/__init__.py (deflated 43%)
  adding: numpy/fft/info.pyc (deflated 61%)
  adding: numpy/fft/info.py (deflated 63%)
  adding: numpy/fft/helper.pyc (deflated 67%)
  adding: numpy/fft/helper.py (deflated 71%)
  adding: numpy/fft/__init__.pyc (deflated 33%)
  adding: numpy/fft/setup.pyc (deflated 47%)
  adding: numpy/doc/ (stored 0%)
  adding: numpy/doc/structured_arrays.pyc (deflated 64%)
  adding: numpy/doc/broadcasting.py (deflated 62%)
  adding: numpy/doc/misc.pyc (deflated 56%)
  adding: numpy/doc/misc.py (deflated 57%)
  adding: numpy/doc/creation.pyc (deflated 55%)
  adding: numpy/doc/glossary.pyc (deflated 65%)
  adding: numpy/doc/ufuncs.py (deflated 58%)
  adding: numpy/doc/internals.py (deflated 60%)
  adding: numpy/doc/__init__.py (deflated 41%)
  adding: numpy/doc/constants.py (deflated 80%)
  adding: numpy/doc/broadcasting.pyc (deflated 60%)
  adding: numpy/doc/basics.py (deflated 60%)
  adding: numpy/doc/byteswapping.py (deflated 64%)
  adding: numpy/doc/structured_arrays.py (deflated 65%)
  adding: numpy/doc/subclassing.py (deflated 69%)
  adding: numpy/doc/internals.pyc (deflated 59%)
  adding: numpy/doc/indexing.py (deflated 65%)
  adding: numpy/doc/creation.py (deflated 56%)
  adding: numpy/doc/ufuncs.pyc (deflated 57%)
  adding: numpy/doc/basics.pyc (deflated 59%)
  adding: numpy/doc/__init__.pyc (deflated 43%)
  adding: numpy/doc/byteswapping.pyc (deflated 61%)
  adding: numpy/doc/subclassing.pyc (deflated 68%)
  adding: numpy/doc/indexing.pyc (deflated 64%)
  adding: numpy/doc/constants.pyc (deflated 73%)
  adding: numpy/doc/glossary.py (deflated 66%)
  adding: numpy/linalg/ (stored 0%)
  adding: numpy/linalg/linalg.py (deflated 73%)
  adding: numpy/linalg/setup.py (deflated 68%)
  adding: numpy/linalg/tests/ (stored 0%)
  adding: numpy/linalg/tests/test_deprecations.py (deflated 56%)
  adding: numpy/linalg/tests/test_linalg.py (deflated 81%)
  adding: numpy/linalg/tests/test_build.py (deflated 56%)
  adding: numpy/linalg/tests/test_regression.py (deflated 73%)
  adding: numpy/linalg/lapack_lite.so (deflated 64%)
  adding: numpy/linalg/__init__.py (deflated 74%)
  adding: numpy/linalg/info.pyc (deflated 55%)
  adding: numpy/linalg/info.py (deflated 61%)
  adding: numpy/linalg/__init__.pyc (deflated 68%)
  adding: numpy/linalg/linalg.pyc (deflated 69%)
  adding: numpy/linalg/_umath_linalg.so (deflated 65%)
  adding: numpy/linalg/setup.pyc (deflated 54%)
読み込んだプラグイン:priorities, update-motd, upgrade-helper
No packages marked for update
読み込んだプラグイン:priorities, update-motd, upgrade-helper
パッケージ git-2.7.5-1.49.amzn1.x86_64 はインストール済みか最新バージョンです
パッケージ cmake-2.8.12.2-4.25.amzn1.x86_64 はインストール済みか最新バージョンです
パッケージ gcc-c++-4.8.3-3.20.amzn1.noarch はインストール済みか最新バージョンです
パッケージ gcc-4.8.3-3.20.amzn1.noarch はインストール済みか最新バージョンです
パッケージ python26-devel-2.6.9-2.88.amzn1.x86_64 はインストール済みか最新バージョンです
パッケージ chrpath-0.13-7.6.amzn1.x86_64 はインストール済みか最新バージョンです
何もしません
Collecting numpy
  Using cached numpy-1.13.1.zip
Installing collected packages: numpy
  Running setup.py install for numpy: started
